#
# There is insufficient memory for the Java Runtime Environment to continue.
# Native memory allocation (mmap) failed to map 268435456 bytes for G1 virtual space
# Possible reasons:
#   The system is out of physical RAM or swap space
#   The process is running with CompressedOops enabled, and the Java Heap may be blocking the growth of the native heap
# Possible solutions:
#   Reduce memory load on the system
#   Increase physical memory or swap space
#   Check if swap backing store is full
#   Decrease Java heap size (-Xmx/-Xms)
#   Decrease number of Java threads
#   Decrease Java thread stack sizes (-Xss)
#   Set larger code cache with -XX:ReservedCodeCacheSize=
#   JVM is running with Zero Based Compressed Oops mode in which the Java heap is
#     placed in the first 32GB address space. The Java Heap base address is the
#     maximum limit for the native heap growth. Please use -XX:HeapBaseMinAddress
#     to set the Java Heap base and to place the Java Heap above 32GB virtual address.
# This output file may be truncated or incomplete.
#
#  Out of Memory Error (os_windows.cpp:3769), pid=18356, tid=15044
#
# JRE version:  (17.0.6+10) (build )
# Java VM: OpenJDK 64-Bit Server VM (17.0.6+10-b829.5, mixed mode, sharing, tiered, compressed oops, compressed class ptrs, g1 gc, windows-amd64)
# No core dump will be written. Minidumps are not enabled by default on client versions of Windows
#

---------------  S U M M A R Y ------------

Command Line: git4idea.http.GitAskPassApp Username for 'https://github.com': 

Host: Intel(R) Core(TM) i3-10105F CPU @ 3.70GHz, 8 cores, 15G,  Windows 10 , 64 bit Build 19041 (10.0.19041.3636)
Time: Thu Nov 30 02:45:56 2023 RTZ 4 (s 10 , 64 bit Build 19041 (10.0.19041.3636) elapsed time: 0.005974 seconds (0d 0h 0m 0s)

---------------  T H R E A D  ---------------

Current thread (0x000001b90143d190):  JavaThread "Unknown thread" [_thread_in_vm, id=15044, stack(0x0000002c66600000,0x0000002c66700000)]

Stack: [0x0000002c66600000,0x0000002c66700000]
Native frames: (J=compiled Java code, j=interpreted, Vv=VM code, C=native code)
V  [jvm.dll+0x683b4a]
V  [jvm.dll+0x842654]
V  [jvm.dll+0x843dfe]
V  [jvm.dll+0x844463]
V  [jvm.dll+0x249b75]
V  [jvm.dll+0x680a19]
V  [jvm.dll+0x674f0a]
V  [jvm.dll+0x309acb]
V  [jvm.dll+0x310f86]
V  [jvm.dll+0x3608ee]
V  [jvm.dll+0x360b1f]
V  [jvm.dll+0x2dfbf8]
V  [jvm.dll+0x2e0b64]
V  [jvm.dll+0x813f41]
V  [jvm.dll+0x36e6a1]
V  [jvm.dll+0x7f347c]
V  [jvm.dll+0x3f0e8f]
V  [jvm.dll+0x3f29d1]
C  [jli.dll+0x526b]
C  [ucrtbase.dll+0x21bb2]
C  [KERNEL32.DLL+0x17344]
C  [ntdll.dll+0x526b1]


---------------  P R O C E S S  ---------------

Threads class SMR info:
_java_thread_list=0x00007ffbe8a3c058, length=0, elements={
}

Java Threads: ( => current thread )

Other Threads:
  0x000001b9014abd20 GCTaskThread "GC Thread#0" [stack: 0x0000002c66700000,0x0000002c66800000] [id=6396]
  0x000001b9014bc980 ConcurrentGCThread "G1 Main Marker" [stack: 0x0000002c66800000,0x0000002c66900000] [id=1116]
  0x000001b9014bda40 ConcurrentGCThread "G1 Conc#0" [stack: 0x0000002c66900000,0x0000002c66a00000] [id=17140]

[error occurred during error reporting (printing all threads), id 0xc0000005, EXCEPTION_ACCESS_VIOLATION (0xc0000005) at pc=0x00007ffbe81f0797]

VM state: not at safepoint (not fully initialized)

VM Mutex/Monitor currently owned by a thread:  ([mutex/lock_event])
[0x000001b9014383c0] Heap_lock - owner thread: 0x000001b90143d190

Heap address: 0x0000000701e00000, size: 4066 MB, Compressed Oops mode: Zero based, Oop shift amount: 3

CDS archive(s) mapped at: [0x0000000000000000-0x0000000000000000-0x0000000000000000), size 0, SharedBaseAddress: 0x0000000800000000, ArchiveRelocationMode: 0.
Narrow klass base: 0x0000000000000000, Narrow klass shift: 0, Narrow klass range: 0x0

GC Precious Log:
<Empty>

Heap:
 garbage-first heap   total 0K, used 0K [0x0000000701e00000, 0x0000000800000000)
  region size 2048K, 0 young (0K), 0 survivors (0K)

[error occurred during error reporting (printing heap information), id 0xc0000005, EXCEPTION_ACCESS_VIOLATION (0xc0000005) at pc=0x00007ffbe85dd939]

GC Heap History (0 events):
No events

Dll operation events (1 events):
Event: 0.004 Loaded shared library C:\Program Files\JetBrains\PyCharm 2023.1\jbr\bin\java.dll

Deoptimization events (0 events):
No events

Classes unloaded (0 events):
No events

Classes redefined (0 events):
No events

Internal exceptions (0 events):
No events

VM Operations (0 events):
No events

Events (0 events):
No events


Dynamic libraries:
0x00007ff688440000 - 0x00007ff68844a000 	C:\Program Files\JetBrains\PyCharm 2023.1\jbr\bin\java.exe
0x00007ffc48490000 - 0x00007ffc48688000 	C:\WINDOWS\SYSTEM32\ntdll.dll
0x00007ffc46f50000 - 0x00007ffc4700d000 	C:\WINDOWS\System32\KERNEL32.DLL
0x00007ffc45fc0000 - 0x00007ffc462b6000 	C:\WINDOWS\System32\KERNELBASE.dll
0x00007ffc45c90000 - 0x00007ffc45d90000 	C:\WINDOWS\System32\ucrtbase.dll
0x00007ffc3a200000 - 0x00007ffc3a217000 	C:\Program Files\JetBrains\PyCharm 2023.1\jbr\bin\jli.dll
0x00007ffc399a0000 - 0x00007ffc399bb000 	C:\Program Files\JetBrains\PyCharm 2023.1\jbr\bin\VCRUNTIME140.dll
0x00007ffc47b10000 - 0x00007ffc47cae000 	C:\WINDOWS\System32\USER32.dll
0x00007ffc464c0000 - 0x00007ffc464e2000 	C:\WINDOWS\System32\win32u.dll
0x00007ffc36420000 - 0x00007ffc366ba000 	C:\WINDOWS\WinSxS\amd64_microsoft.windows.common-controls_6595b64144ccf1df_6.0.19041.3636_none_60b6a03d71f818d5\COMCTL32.dll
0x00007ffc48400000 - 0x00007ffc4842c000 	C:\WINDOWS\System32\GDI32.dll
0x00007ffc46cf0000 - 0x00007ffc46d8e000 	C:\WINDOWS\System32\msvcrt.dll
0x00007ffc45ea0000 - 0x00007ffc45fba000 	C:\WINDOWS\System32\gdi32full.dll
0x00007ffc462c0000 - 0x00007ffc4635d000 	C:\WINDOWS\System32\msvcp_win.dll
0x00007ffc46d90000 - 0x00007ffc46dc0000 	C:\WINDOWS\System32\IMM32.DLL
0x00007ffc3b4d0000 - 0x00007ffc3b4dc000 	C:\Program Files\JetBrains\PyCharm 2023.1\jbr\bin\vcruntime140_1.dll
0x00007ffc200a0000 - 0x00007ffc2012d000 	C:\Program Files\JetBrains\PyCharm 2023.1\jbr\bin\msvcp140.dll
0x00007ffbe7f00000 - 0x00007ffbe8b6d000 	C:\Program Files\JetBrains\PyCharm 2023.1\jbr\bin\server\jvm.dll
0x00007ffc475a0000 - 0x00007ffc4764f000 	C:\WINDOWS\System32\ADVAPI32.dll
0x00007ffc47010000 - 0x00007ffc470ac000 	C:\WINDOWS\System32\sechost.dll
0x00007ffc46630000 - 0x00007ffc46756000 	C:\WINDOWS\System32\RPCRT4.dll
0x00007ffc1a550000 - 0x00007ffc1a559000 	C:\WINDOWS\SYSTEM32\WSOCK32.dll
0x00007ffc3b640000 - 0x00007ffc3b667000 	C:\WINDOWS\SYSTEM32\WINMM.dll
0x00007ffc3e5b0000 - 0x00007ffc3e5ba000 	C:\WINDOWS\SYSTEM32\VERSION.dll
0x00007ffc476e0000 - 0x00007ffc4774b000 	C:\WINDOWS\System32\WS2_32.dll
0x00007ffc43a50000 - 0x00007ffc43a62000 	C:\WINDOWS\SYSTEM32\kernel.appcore.dll
0x00007ffc3c210000 - 0x00007ffc3c21a000 	C:\Program Files\JetBrains\PyCharm 2023.1\jbr\bin\jimage.dll
0x00007ffc32aa0000 - 0x00007ffc32c84000 	C:\WINDOWS\SYSTEM32\DBGHELP.DLL
0x00007ffc3c550000 - 0x00007ffc3c584000 	C:\WINDOWS\SYSTEM32\dbgcore.DLL
0x00007ffc45dc0000 - 0x00007ffc45e42000 	C:\WINDOWS\System32\bcryptPrimitives.dll
0x00007ffc37c20000 - 0x00007ffc37c45000 	C:\Program Files\JetBrains\PyCharm 2023.1\jbr\bin\java.dll

dbghelp: loaded successfully - version: 4.0.5 - missing functions: none
symbol engine: initialized successfully - sym options: 0x614 - pdb path: .;C:\Program Files\JetBrains\PyCharm 2023.1\jbr\bin;C:\WINDOWS\SYSTEM32;C:\WINDOWS\WinSxS\amd64_microsoft.windows.common-controls_6595b64144ccf1df_6.0.19041.3636_none_60b6a03d71f818d5;C:\Program Files\JetBrains\PyCharm 2023.1\jbr\bin\server

VM Arguments:
java_command: git4idea.http.GitAskPassApp Username for 'https://github.com': 
java_class_path (initial): C:/Program Files/JetBrains/PyCharm 2023.1/plugins/vcs-git/lib/git4idea-rt.jar;C:/Program Files/JetBrains/PyCharm 2023.1/lib/externalProcess-rt.jar
Launcher Type: SUN_STANDARD

[Global flags]
     intx CICompilerCount                          = 4                                         {product} {ergonomic}
     uint ConcGCThreads                            = 2                                         {product} {ergonomic}
     uint G1ConcRefinementThreads                  = 8                                         {product} {ergonomic}
   size_t G1HeapRegionSize                         = 2097152                                   {product} {ergonomic}
    uintx GCDrainStackTargetSize                   = 64                                        {product} {ergonomic}
   size_t InitialHeapSize                          = 268435456                                 {product} {ergonomic}
   size_t MarkStackSize                            = 4194304                                   {product} {ergonomic}
   size_t MaxHeapSize                              = 4263510016                                {product} {ergonomic}
   size_t MinHeapDeltaBytes                        = 2097152                                   {product} {ergonomic}
   size_t MinHeapSize                              = 8388608                                   {product} {ergonomic}
    uintx NonNMethodCodeHeapSize                   = 5839372                                {pd product} {ergonomic}
    uintx NonProfiledCodeHeapSize                  = 122909434                              {pd product} {ergonomic}
    uintx ProfiledCodeHeapSize                     = 122909434                              {pd product} {ergonomic}
    uintx ReservedCodeCacheSize                    = 251658240                              {pd product} {ergonomic}
     bool SegmentedCodeCache                       = true                                      {product} {ergonomic}
   size_t SoftMaxHeapSize                          = 4263510016                             {manageable} {ergonomic}
     bool UseCompressedClassPointers               = true                           {product lp64_product} {ergonomic}
     bool UseCompressedOops                        = true                           {product lp64_product} {ergonomic}
     bool UseG1GC                                  = true                                      {product} {ergonomic}
     bool UseLargePagesIndividualAllocation        = false                                  {pd product} {ergonomic}

Logging:
Log output configuration:
 #0: stdout all=warning uptime,level,tags
 #1: stderr all=off uptime,level,tags

Environment Variables:
PATH=C:\Program Files\Git\mingw64\libexec\git-core;C:\Program Files\Git\mingw64\libexec\git-core;C:\Program Files\Git\mingw64\bin;C:\Program Files\Git\usr\bin;C:\Users\Evgen\bin;C:\Projects\newssite\venv\Scripts;C:\Program Files (x86)\VMware\VMware Player\bin;C:\Python311\Scripts;C:\Python311;C:\Python310\Scripts;C:\Python310;C:\Python39\Scripts;C:\Python39;C:\WINDOWS\system32;C:\WINDOWS;C:\WINDOWS\System32\Wbem;C:\WINDOWS\System32\WindowsPowerShell\v1.0;C:\WINDOWS\System32\OpenSSH;C:\Program Files\Microsoft VS Code\bin;C:\Program Files (x86)\Common Files\Acronis\SnapAPI;C:\Program Files (x86)\NVIDIA Corporation\PhysX\Common;C:\Program Files\PuTTY;C:\Program Files\dotnet;C:\ProgramData\chocolatey\bin;C:\Program Files\Git\cmd;C:\Program Files\Graphviz\bin;C:\Program Files\Calibre2;C:\Program Files\nodejs;C:\Program Files\PowerShell\7;C:\Python38\Scripts;C:\Python38;C:\Soft\Python38\Scripts;C:\Soft\Python38;C:\Users\Evgen\AppData\Local\Microsoft\WindowsApps;C:\Program Files\PostgreSQL\12\bin;C:\Users\Evgen\.dotnet\tools;C:\Users\Evgen\AppData\Local\gitkraken\bin;C:\Users\Evgen\AppData\Roaming\npm;C:\Users\Evgen\.dotnet\tools;C:\Program Files\JetBrains\PyCharm 2023.1\bin
USERNAME=Evgen
DISPLAY=:0.0
LC_ALL=en_US.UTF-8
TERM=cygwin
TMPDIR=C:\Users\Evgen\AppData\Local\Temp
OS=Windows_NT
PROCESSOR_IDENTIFIER=Intel64 Family 6 Model 165 Stepping 3, GenuineIntel
TMP=C:\Users\Evgen\AppData\Local\Temp
TEMP=C:\Users\Evgen\AppData\Local\Temp



---------------  S Y S T E M  ---------------

OS:
 Windows 10 , 64 bit Build 19041 (10.0.19041.3636)
OS uptime: 13 days 18:03 hours

CPU: total 8 (initial active 8) (4 cores per cpu, 2 threads per core) family 6 model 165 stepping 3 microcode 0xcc, cx8, cmov, fxsr, ht, mmx, 3dnowpref, sse, sse2, sse3, ssse3, sse4.1, sse4.2, popcnt, lzcnt, tsc, tscinvbit, avx, avx2, aes, erms, clmul, bmi1, bmi2, adx, fma, vzeroupper, clflush, clflushopt

Memory: 4k page, system-wide physical 16259M (5353M free)
TotalPageFile size 19259M (AvailPageFile size 142M)
current process WorkingSet (physical memory assigned to process): 10M, peak: 10M
current process commit charge ("private bytes"): 60M, peak: 316M

vm_info: OpenJDK 64-Bit Server VM (17.0.6+10-b829.5) for windows-amd64 JRE (17.0.6+10-b829.5), built on 2023-02-24 by "builduser" with MS VC++ 16.10 / 16.11 (VS2019)

END.
